SF:lib/src/createStore.dart
DA:19,1
DA:23,2
DA:27,1
DA:29,2
DA:30,1
DA:39,0
DA:41,0
DA:53,0
DA:55,0
DA:72,0
DA:73,0
DA:77,0
DA:78,0
DA:82,0
DA:83,0
DA:87,0
DA:88,0
DA:92,0
DA:93,0
DA:105,0
DA:106,0
DA:116,0
DA:117,0
DA:130,0
DA:131,0
LF:25
LH:5
end_of_record
SF:lib/src/baseState.dart
DA:57,1
DA:58,1
DA:61,0
DA:63,1
DA:64,4
LF:5
LH:4
end_of_record
SF:lib/src/baseEffect.dart
DA:29,1
LF:1
LH:1
end_of_record
SF:lib/src/action.dart
DA:5,1
LF:1
LH:1
end_of_record
SF:lib/src/actions.dart
DA:17,1
DA:21,1
DA:22,5
DA:27,1
DA:28,3
DA:29,6
LF:6
LH:6
end_of_record
SF:lib/src/store.dart
DA:23,1
DA:24,3
DA:25,1
DA:26,2
DA:27,3
DA:28,1
DA:29,2
DA:30,3
DA:31,4
DA:32,3
DA:35,1
DA:36,3
DA:38,1
DA:39,3
DA:40,2
DA:41,3
DA:42,2
DA:43,1
DA:44,2
DA:50,3
DA:52,1
DA:53,2
DA:56,1
DA:57,3
DA:72,0
DA:73,0
DA:82,1
DA:83,5
DA:96,1
DA:97,1
DA:98,6
DA:102,1
DA:103,2
DA:104,3
DA:105,2
DA:110,1
DA:111,2
DA:112,2
DA:113,4
DA:117,1
DA:118,5
DA:119,2
DA:120,2
DA:123,3
DA:124,1
DA:125,1
DA:126,2
DA:132,1
DA:133,3
DA:134,1
DA:135,1
DA:136,0
DA:138,2
DA:139,5
DA:152,1
DA:153,5
DA:163,1
DA:164,3
DA:165,2
DA:166,0
DA:169,2
DA:170,2
DA:174,1
DA:175,3
DA:176,1
DA:178,2
DA:179,2
DA:180,2
DA:181,2
LF:69
LH:65
end_of_record
SF:lib/src/effectSubscription.dart
DA:7,1
DA:9,0
DA:10,0
LF:3
LH:1
end_of_record
