SF:lib/src/action.dart
DA:4,1
DA:6,0
DA:7,0
LF:3
LH:1
end_of_record
SF:lib/src/stateController.dart
DA:6,4
DA:8,4
DA:15,1
DA:21,1
DA:52,1
DA:53,2
DA:54,4
DA:55,5
DA:56,1
DA:59,5
DA:66,1
DA:67,4
DA:68,3
DA:69,1
DA:70,3
DA:71,2
DA:76,1
DA:85,1
DA:86,2
DA:94,2
DA:97,3
DA:100,3
DA:103,1
DA:104,3
DA:107,2
DA:112,1
DA:113,2
DA:137,1
DA:138,1
DA:139,4
DA:145,1
DA:146,2
DA:155,1
DA:156,1
DA:157,3
DA:159,1
DA:166,1
DA:167,1
DA:168,3
DA:169,2
DA:174,1
DA:175,2
DA:176,2
DA:177,1
DA:178,1
LF:45
LH:45
end_of_record
SF:lib/src/actions.dart
DA:11,1
DA:16,2
DA:17,3
DA:18,2
DA:23,1
DA:24,5
DA:29,1
DA:30,5
DA:35,1
DA:36,2
LF:10
LH:10
end_of_record
